# JRE version: Java(TM) SE Runtime Environment (8.0_60-b27) (build 1.8.0_60-b27)
# Java VM: Java HotSpot(TM) 64-Bit Server VM (25.60-b23 mixed mode bsd-amd64 compressed oops)
Heap:
 PSYoungGen      total 47616K, used 14700K [0x000000078ab00000, 0x0000000790800000, 0x00000007c0000000)
  eden space 40960K, 35% used [0x000000078ab00000,0x000000078b95b068,0x000000078d300000)
  from space 6656K, 0% used [0x000000078d300000,0x000000078d300000,0x000000078d980000)
  to   space 6656K, 0% used [0x0000000790180000,0x0000000790180000,0x0000000790800000)
 ParOldGen       total 109568K, used 8239K [0x0000000720000000, 0x0000000726b00000, 0x000000078ab00000)
  object space 109568K, 7% used [0x0000000720000000,0x000000072080bf40,0x0000000726b00000)
 Metaspace       used 23626K, capacity 24637K, committed 24704K, reserved 1071104K
  class space    used 3459K, capacity 3672K, committed 3712K, reserved 1048576K
GC Heap History (8 events):
Event: 0.983 GC heap before
{Heap before GC invocations=1 (full 0):
 PSYoungGen      total 47616K, used 40960K [0x000000078ab00000, 0x000000078e000000, 0x00000007c0000000)
  eden space 40960K, 100% used [0x000000078ab00000,0x000000078d300000,0x000000078d300000)
  from space 6656K, 0% used [0x000000078d980000,0x000000078d980000,0x000000078e000000)
  to   space 6656K, 0% used [0x000000078d300000,0x000000078d300000,0x000000078d980000)
 ParOldGen       total 109568K, used 0K [0x0000000720000000, 0x0000000726b00000, 0x000000078ab00000)
  object space 109568K, 0% used [0x0000000720000000,0x0000000720000000,0x0000000726b00000)
 Metaspace       used 12811K, capacity 13208K, committed 13440K, reserved 1060864K
  class space    used 1725K, capacity 1841K, committed 1920K, reserved 1048576K
Event: 0.988 GC heap after
Heap after GC invocations=1 (full 0):
 PSYoungGen      total 47616K, used 5032K [0x000000078ab00000, 0x000000078e000000, 0x00000007c0000000)
  eden space 40960K, 0% used [0x000000078ab00000,0x000000078ab00000,0x000000078d300000)
  from space 6656K, 75% used [0x000000078d300000,0x000000078d7ea060,0x000000078d980000)
  to   space 6656K, 0% used [0x000000078d980000,0x000000078d980000,0x000000078e000000)
 ParOldGen       total 109568K, used 80K [0x0000000720000000, 0x0000000726b00000, 0x000000078ab00000)
  object space 109568K, 0% used [0x0000000720000000,0x0000000720014010,0x0000000726b00000)
 Metaspace       used 12811K, capacity 13208K, committed 13440K, reserved 1060864K
  class space    used 1725K, capacity 1841K, committed 1920K, reserved 1048576K
}
Event: 1.539 GC heap before
{Heap before GC invocations=2 (full 0):
 PSYoungGen      total 47616K, used 45992K [0x000000078ab00000, 0x000000078e000000, 0x00000007c0000000)
  eden space 40960K, 100% used [0x000000078ab00000,0x000000078d300000,0x000000078d300000)
  from space 6656K, 75% used [0x000000078d300000,0x000000078d7ea060,0x000000078d980000)
  to   space 6656K, 0% used [0x000000078d980000,0x000000078d980000,0x000000078e000000)
 ParOldGen       total 109568K, used 80K [0x0000000720000000, 0x0000000726b00000, 0x000000078ab00000)
  object space 109568K, 0% used [0x0000000720000000,0x0000000720014010,0x0000000726b00000)
 Metaspace       used 19699K, capacity 20408K, committed 20480K, reserved 1067008K
  class space    used 2883K, capacity 3065K, committed 3072K, reserved 1048576K
Event: 1.549 GC heap after
Heap after GC invocations=2 (full 0):
 PSYoungGen      total 47616K, used 6649K [0x000000078ab00000, 0x0000000790800000, 0x00000007c0000000)
  eden space 40960K, 0% used [0x000000078ab00000,0x000000078ab00000,0x000000078d300000)
  from space 6656K, 99% used [0x000000078d980000,0x000000078dffe448,0x000000078e000000)
  to   space 6656K, 0% used [0x000000078d300000,0x000000078d300000,0x000000078d980000)
 ParOldGen       total 109568K, used 3849K [0x0000000720000000, 0x0000000726b00000, 0x000000078ab00000)
  object space 109568K, 3% used [0x0000000720000000,0x00000007203c25e0,0x0000000726b00000)
 Metaspace       used 19699K, capacity 20408K, committed 20480K, reserved 1067008K
  class space    used 2883K, capacity 3065K, committed 3072K, reserved 1048576K
}
Event: 1.596 GC heap before
{Heap before GC invocations=3 (full 0):
 PSYoungGen      total 47616K, used 9234K [0x000000078ab00000, 0x0000000790800000, 0x00000007c0000000)
  eden space 40960K, 6% used [0x000000078ab00000,0x000000078ad86548,0x000000078d300000)
  from space 6656K, 99% used [0x000000078d980000,0x000000078dffe448,0x000000078e000000)
  to   space 6656K, 0% used [0x000000078d300000,0x000000078d300000,0x000000078d980000)
 ParOldGen       total 109568K, used 3849K [0x0000000720000000, 0x0000000726b00000, 0x000000078ab00000)
  object space 109568K, 3% used [0x0000000720000000,0x00000007203c25e0,0x0000000726b00000)
 Metaspace       used 20455K, capacity 21200K, committed 21296K, reserved 1067008K
  class space    used 2986K, capacity 3185K, committed 3200K, reserved 1048576K
Event: 1.603 GC heap after
Heap after GC invocations=3 (full 0):
 PSYoungGen      total 47616K, used 6649K [0x000000078ab00000, 0x0000000790800000, 0x00000007c0000000)
  eden space 40960K, 0% used [0x000000078ab00000,0x000000078ab00000,0x000000078d300000)
  from space 6656K, 99% used [0x000000078d300000,0x000000078d97e438,0x000000078d980000)
  to   space 6656K, 0% used [0x0000000790180000,0x0000000790180000,0x0000000790800000)
 ParOldGen       total 109568K, used 4604K [0x0000000720000000, 0x0000000726b00000, 0x000000078ab00000)
  object space 109568K, 4% used [0x0000000720000000,0x000000072047f1b8,0x0000000726b00000)
 Metaspace       used 20455K, capacity 21200K, committed 21296K, reserved 1067008K
  class space    used 2986K, capacity 3185K, committed 3200K, reserved 1048576K
}
Event: 1.603 GC heap before
{Heap before GC invocations=4 (full 1):
 PSYoungGen      total 47616K, used 6649K [0x000000078ab00000, 0x0000000790800000, 0x00000007c0000000)
  eden space 40960K, 0% used [0x000000078ab00000,0x000000078ab00000,0x000000078d300000)
  from space 6656K, 99% used [0x000000078d300000,0x000000078d97e438,0x000000078d980000)
  to   space 6656K, 0% used [0x0000000790180000,0x0000000790180000,0x0000000790800000)
 ParOldGen       total 109568K, used 4604K [0x0000000720000000, 0x0000000726b00000, 0x000000078ab00000)
  object space 109568K, 4% used [0x0000000720000000,0x000000072047f1b8,0x0000000726b00000)
 Metaspace       used 20455K, capacity 21200K, committed 21296K, reserved 1067008K
  class space    used 2986K, capacity 3185K, committed 3200K, reserved 1048576K
Event: 1.638 GC heap after
Heap after GC invocations=4 (full 1):
 PSYoungGen      total 47616K, used 0K [0x000000078ab00000, 0x0000000790800000, 0x00000007c0000000)
  eden space 40960K, 0% used [0x000000078ab00000,0x000000078ab00000,0x000000078d300000)
  from space 6656K, 0% used [0x000000078d300000,0x000000078d300000,0x000000078d980000)
  to   space 6656K, 0% used [0x0000000790180000,0x0000000790180000,0x0000000790800000)
 ParOldGen       total 109568K, used 8239K [0x0000000720000000, 0x0000000726b00000, 0x000000078ab00000)
  object space 109568K, 7% used [0x0000000720000000,0x000000072080bf40,0x0000000726b00000)
 Metaspace       used 20451K, capacity 21194K, committed 21296K, reserved 1067008K
  class space    used 2986K, capacity 3184K, committed 3200K, reserved 1048576K
}

