# JRE version: Java(TM) SE Runtime Environment (8.0_45-b14) (build 1.8.0_45-b14)
# Java VM: Java HotSpot(TM) 64-Bit Server VM (25.45-b02 mixed mode bsd-amd64 compressed oops)
Heap:
 PSYoungGen      total 47616K, used 20402K [0x000000078ab00000, 0x0000000790800000, 0x00000007c0000000)
  eden space 40960K, 49% used [0x000000078ab00000,0x000000078beec850,0x000000078d300000)
  from space 6656K, 0% used [0x000000078d980000,0x000000078d980000,0x000000078e000000)
  to   space 6656K, 0% used [0x000000078d300000,0x000000078d300000,0x000000078d980000)
 ParOldGen       total 84992K, used 10827K [0x0000000720000000, 0x0000000725300000, 0x000000078ab00000)
  object space 84992K, 12% used [0x0000000720000000,0x0000000720a92d50,0x0000000725300000)
 Metaspace       used 24006K, capacity 24820K, committed 25088K, reserved 1071104K
  class space    used 3549K, capacity 3769K, committed 3840K, reserved 1048576K
GC Heap History (6 events):
Event: 1.098 GC heap before
{Heap before GC invocations=1 (full 0):
 PSYoungGen      total 47616K, used 40960K [0x000000078ab00000, 0x000000078e000000, 0x00000007c0000000)
  eden space 40960K, 100% used [0x000000078ab00000,0x000000078d300000,0x000000078d300000)
  from space 6656K, 0% used [0x000000078d980000,0x000000078d980000,0x000000078e000000)
  to   space 6656K, 0% used [0x000000078d300000,0x000000078d300000,0x000000078d980000)
 ParOldGen       total 109568K, used 0K [0x0000000720000000, 0x0000000726b00000, 0x000000078ab00000)
  object space 109568K, 0% used [0x0000000720000000,0x0000000720000000,0x0000000726b00000)
 Metaspace       used 13309K, capacity 13754K, committed 13952K, reserved 1060864K
  class space    used 1939K, capacity 2064K, committed 2176K, reserved 1048576K
Event: 1.103 GC heap after
Heap after GC invocations=1 (full 0):
 PSYoungGen      total 47616K, used 5084K [0x000000078ab00000, 0x000000078e000000, 0x00000007c0000000)
  eden space 40960K, 0% used [0x000000078ab00000,0x000000078ab00000,0x000000078d300000)
  from space 6656K, 76% used [0x000000078d300000,0x000000078d7f7050,0x000000078d980000)
  to   space 6656K, 0% used [0x000000078d980000,0x000000078d980000,0x000000078e000000)
 ParOldGen       total 109568K, used 80K [0x0000000720000000, 0x0000000726b00000, 0x000000078ab00000)
  object space 109568K, 0% used [0x0000000720000000,0x0000000720014010,0x0000000726b00000)
 Metaspace       used 13309K, capacity 13754K, committed 13952K, reserved 1060864K
  class space    used 1939K, capacity 2064K, committed 2176K, reserved 1048576K
}
Event: 1.780 GC heap before
{Heap before GC invocations=2 (full 0):
 PSYoungGen      total 47616K, used 43230K [0x000000078ab00000, 0x000000078e000000, 0x00000007c0000000)
  eden space 40960K, 93% used [0x000000078ab00000,0x000000078d040890,0x000000078d300000)
  from space 6656K, 76% used [0x000000078d300000,0x000000078d7f7050,0x000000078d980000)
  to   space 6656K, 0% used [0x000000078d980000,0x000000078d980000,0x000000078e000000)
 ParOldGen       total 109568K, used 80K [0x0000000720000000, 0x0000000726b00000, 0x000000078ab00000)
  object space 109568K, 0% used [0x0000000720000000,0x0000000720014010,0x0000000726b00000)
 Metaspace       used 20575K, capacity 21098K, committed 21248K, reserved 1067008K
  class space    used 3094K, capacity 3232K, committed 3328K, reserved 1048576K
Event: 1.793 GC heap after
Heap after GC invocations=2 (full 0):
 PSYoungGen      total 47616K, used 6633K [0x000000078ab00000, 0x0000000790800000, 0x00000007c0000000)
  eden space 40960K, 0% used [0x000000078ab00000,0x000000078ab00000,0x000000078d300000)
  from space 6656K, 99% used [0x000000078d980000,0x000000078dffa6b0,0x000000078e000000)
  to   space 6656K, 0% used [0x000000078d300000,0x000000078d300000,0x000000078d980000)
 ParOldGen       total 109568K, used 4403K [0x0000000720000000, 0x0000000726b00000, 0x000000078ab00000)
  object space 109568K, 4% used [0x0000000720000000,0x000000072044cfa8,0x0000000726b00000)
 Metaspace       used 20575K, capacity 21098K, committed 21248K, reserved 1067008K
  class space    used 3094K, capacity 3232K, committed 3328K, reserved 1048576K
}
Event: 1.793 GC heap before
{Heap before GC invocations=3 (full 1):
 PSYoungGen      total 47616K, used 6633K [0x000000078ab00000, 0x0000000790800000, 0x00000007c0000000)
  eden space 40960K, 0% used [0x000000078ab00000,0x000000078ab00000,0x000000078d300000)
  from space 6656K, 99% used [0x000000078d980000,0x000000078dffa6b0,0x000000078e000000)
  to   space 6656K, 0% used [0x000000078d300000,0x000000078d300000,0x000000078d980000)
 ParOldGen       total 109568K, used 4403K [0x0000000720000000, 0x0000000726b00000, 0x000000078ab00000)
  object space 109568K, 4% used [0x0000000720000000,0x000000072044cfa8,0x0000000726b00000)
 Metaspace       used 20575K, capacity 21098K, committed 21248K, reserved 1067008K
  class space    used 3094K, capacity 3232K, committed 3328K, reserved 1048576K
Event: 1.835 GC heap after
Heap after GC invocations=3 (full 1):
 PSYoungGen      total 47616K, used 0K [0x000000078ab00000, 0x0000000790800000, 0x00000007c0000000)
  eden space 40960K, 0% used [0x000000078ab00000,0x000000078ab00000,0x000000078d300000)
  from space 6656K, 0% used [0x000000078d980000,0x000000078d980000,0x000000078e000000)
  to   space 6656K, 0% used [0x000000078d300000,0x000000078d300000,0x000000078d980000)
 ParOldGen       total 84992K, used 10827K [0x0000000720000000, 0x0000000725300000, 0x000000078ab00000)
  object space 84992K, 12% used [0x0000000720000000,0x0000000720a92d50,0x0000000725300000)
 Metaspace       used 20572K, capacity 21092K, committed 21248K, reserved 1067008K
  class space    used 3094K, capacity 3231K, committed 3328K, reserved 1048576K
}

