# JRE version: Java(TM) SE Runtime Environment (8.0_45-b14) (build 1.8.0_45-b14)
# Java VM: Java HotSpot(TM) 64-Bit Server VM (25.45-b02 mixed mode bsd-amd64 compressed oops)
Heap:
 PSYoungGen      total 47616K, used 38778K [0x000000078ab00000, 0x0000000790800000, 0x00000007c0000000)
  eden space 40960K, 94% used [0x000000078ab00000,0x000000078d0deba8,0x000000078d300000)
  from space 6656K, 0% used [0x000000078d980000,0x000000078d980000,0x000000078e000000)
  to   space 6656K, 0% used [0x000000078d300000,0x000000078d300000,0x000000078d980000)
 ParOldGen       total 84992K, used 10665K [0x0000000720000000, 0x0000000725300000, 0x000000078ab00000)
  object space 84992K, 12% used [0x0000000720000000,0x0000000720a6a458,0x0000000725300000)
 Metaspace       used 24037K, capacity 24800K, committed 24960K, reserved 1071104K
  class space    used 3508K, capacity 3703K, committed 3712K, reserved 1048576K
GC Heap History (6 events):
Event: 1.064 GC heap before
{Heap before GC invocations=1 (full 0):
 PSYoungGen      total 47616K, used 40960K [0x000000078ab00000, 0x000000078e000000, 0x00000007c0000000)
  eden space 40960K, 100% used [0x000000078ab00000,0x000000078d300000,0x000000078d300000)
  from space 6656K, 0% used [0x000000078d980000,0x000000078d980000,0x000000078e000000)
  to   space 6656K, 0% used [0x000000078d300000,0x000000078d300000,0x000000078d980000)
 ParOldGen       total 109568K, used 0K [0x0000000720000000, 0x0000000726b00000, 0x000000078ab00000)
  object space 109568K, 0% used [0x0000000720000000,0x0000000720000000,0x0000000726b00000)
 Metaspace       used 13570K, capacity 13998K, committed 14208K, reserved 1060864K
  class space    used 1994K, capacity 2128K, committed 2176K, reserved 1048576K
Event: 1.069 GC heap after
Heap after GC invocations=1 (full 0):
 PSYoungGen      total 47616K, used 5134K [0x000000078ab00000, 0x000000078e000000, 0x00000007c0000000)
  eden space 40960K, 0% used [0x000000078ab00000,0x000000078ab00000,0x000000078d300000)
  from space 6656K, 77% used [0x000000078d300000,0x000000078d803ac8,0x000000078d980000)
  to   space 6656K, 0% used [0x000000078d980000,0x000000078d980000,0x000000078e000000)
 ParOldGen       total 109568K, used 80K [0x0000000720000000, 0x0000000726b00000, 0x000000078ab00000)
  object space 109568K, 0% used [0x0000000720000000,0x0000000720014010,0x0000000726b00000)
 Metaspace       used 13570K, capacity 13998K, committed 14208K, reserved 1060864K
  class space    used 1994K, capacity 2128K, committed 2176K, reserved 1048576K
}
Event: 1.668 GC heap before
{Heap before GC invocations=2 (full 0):
 PSYoungGen      total 47616K, used 41894K [0x000000078ab00000, 0x000000078e000000, 0x00000007c0000000)
  eden space 40960K, 89% used [0x000000078ab00000,0x000000078cee6108,0x000000078d300000)
  from space 6656K, 77% used [0x000000078d300000,0x000000078d803ac8,0x000000078d980000)
  to   space 6656K, 0% used [0x000000078d980000,0x000000078d980000,0x000000078e000000)
 ParOldGen       total 109568K, used 80K [0x0000000720000000, 0x0000000726b00000, 0x000000078ab00000)
  object space 109568K, 0% used [0x0000000720000000,0x0000000720014010,0x0000000726b00000)
 Metaspace       used 20599K, capacity 21116K, committed 21296K, reserved 1067008K
  class space    used 3067K, capacity 3199K, committed 3200K, reserved 1048576K
Event: 1.678 GC heap after
Heap after GC invocations=2 (full 0):
 PSYoungGen      total 47616K, used 6649K [0x000000078ab00000, 0x0000000790800000, 0x00000007c0000000)
  eden space 40960K, 0% used [0x000000078ab00000,0x000000078ab00000,0x000000078d300000)
  from space 6656K, 99% used [0x000000078d980000,0x000000078dffe6a0,0x000000078e000000)
  to   space 6656K, 0% used [0x000000078d300000,0x000000078d300000,0x000000078d980000)
 ParOldGen       total 109568K, used 4242K [0x0000000720000000, 0x0000000726b00000, 0x000000078ab00000)
  object space 109568K, 3% used [0x0000000720000000,0x0000000720424820,0x0000000726b00000)
 Metaspace       used 20599K, capacity 21116K, committed 21296K, reserved 1067008K
  class space    used 3067K, capacity 3199K, committed 3200K, reserved 1048576K
}
Event: 1.678 GC heap before
{Heap before GC invocations=3 (full 1):
 PSYoungGen      total 47616K, used 6649K [0x000000078ab00000, 0x0000000790800000, 0x00000007c0000000)
  eden space 40960K, 0% used [0x000000078ab00000,0x000000078ab00000,0x000000078d300000)
  from space 6656K, 99% used [0x000000078d980000,0x000000078dffe6a0,0x000000078e000000)
  to   space 6656K, 0% used [0x000000078d300000,0x000000078d300000,0x000000078d980000)
 ParOldGen       total 109568K, used 4242K [0x0000000720000000, 0x0000000726b00000, 0x000000078ab00000)
  object space 109568K, 3% used [0x0000000720000000,0x0000000720424820,0x0000000726b00000)
 Metaspace       used 20599K, capacity 21116K, committed 21296K, reserved 1067008K
  class space    used 3067K, capacity 3199K, committed 3200K, reserved 1048576K
Event: 1.715 GC heap after
Heap after GC invocations=3 (full 1):
 PSYoungGen      total 47616K, used 0K [0x000000078ab00000, 0x0000000790800000, 0x00000007c0000000)
  eden space 40960K, 0% used [0x000000078ab00000,0x000000078ab00000,0x000000078d300000)
  from space 6656K, 0% used [0x000000078d980000,0x000000078d980000,0x000000078e000000)
  to   space 6656K, 0% used [0x000000078d300000,0x000000078d300000,0x000000078d980000)
 ParOldGen       total 84992K, used 10665K [0x0000000720000000, 0x0000000725300000, 0x000000078ab00000)
  object space 84992K, 12% used [0x0000000720000000,0x0000000720a6a458,0x0000000725300000)
 Metaspace       used 20595K, capacity 21110K, committed 21296K, reserved 1067008K
  class space    used 3067K, capacity 3198K, committed 3200K, reserved 1048576K
}

